<?xml version="1.0" encoding="UTF-8"?>
<!-- Generated by org.testng.reporters.JUnitReportReporter -->
<testsuite skipped="0" hostname="HP" name="gmailTest.Login" tests="1" failures="0" timestamp="18 Aug 2018 18:45:39 GMT" time="110.729" errors="0">
  <testcase name="method1" time="110.729" classname="gmailTest.Login"/>
</testsuite> <!-- gmailTest.Login -->
